0 info it worked if it ends with ok
1 verbose cli [ '/Users/liulei/.nvm/versions/node/v8.1.2/bin/node',
1 verbose cli   '/Users/liulei/.nvm/versions/node/v8.1.2/bin/npm',
1 verbose cli   'run',
1 verbose cli   'dev',
1 verbose cli   '--no-cache' ]
2 info using npm@5.6.0
3 info using node@v8.1.2
4 verbose run-script [ 'predev', 'dev', 'postdev' ]
5 info lifecycle ganghao-miniprogram@0.0.1~predev: ganghao-miniprogram@0.0.1
6 info lifecycle ganghao-miniprogram@0.0.1~dev: ganghao-miniprogram@0.0.1
7 verbose lifecycle ganghao-miniprogram@0.0.1~dev: unsafe-perm in lifecycle true
8 verbose lifecycle ganghao-miniprogram@0.0.1~dev: PATH: /Users/liulei/.nvm/versions/node/v8.1.2/lib/node_modules/npm/node_modules/npm-lifecycle/node-gyp-bin:/Users/liulei/Desktop/ganghao-miniprogram/node_modules/.bin:/usr/local/opt/node@6/bin:/usr/local/opt/node@6/bin:/Users/liulei/.nvm/versions/node/v8.1.2/bin:/usr/local/bin:/usr/bin:/bin:/usr/sbin:/sbin:/usr/local/opt/node@6/bin
9 verbose lifecycle ganghao-miniprogram@0.0.1~dev: CWD: /Users/liulei/Desktop/ganghao-miniprogram
10 silly lifecycle ganghao-miniprogram@0.0.1~dev: Args: [ '-c', 'wepy build --watch' ]
11 silly lifecycle ganghao-miniprogram@0.0.1~dev: Returned: code: 1  signal: null
12 info lifecycle ganghao-miniprogram@0.0.1~dev: Failed to exec dev script
13 verbose stack Error: ganghao-miniprogram@0.0.1 dev: `wepy build --watch`
13 verbose stack Exit status 1
13 verbose stack     at EventEmitter.<anonymous> (/Users/liulei/.nvm/versions/node/v8.1.2/lib/node_modules/npm/node_modules/npm-lifecycle/index.js:285:16)
13 verbose stack     at emitTwo (events.js:125:13)
13 verbose stack     at EventEmitter.emit (events.js:213:7)
13 verbose stack     at ChildProcess.<anonymous> (/Users/liulei/.nvm/versions/node/v8.1.2/lib/node_modules/npm/node_modules/npm-lifecycle/lib/spawn.js:55:14)
13 verbose stack     at emitTwo (events.js:125:13)
13 verbose stack     at ChildProcess.emit (events.js:213:7)
13 verbose stack     at maybeClose (internal/child_process.js:897:16)
13 verbose stack     at Process.ChildProcess._handle.onexit (internal/child_process.js:208:5)
14 verbose pkgid ganghao-miniprogram@0.0.1
15 verbose cwd /Users/liulei/Desktop/ganghao-miniprogram
16 verbose Darwin 16.7.0
17 verbose argv "/Users/liulei/.nvm/versions/node/v8.1.2/bin/node" "/Users/liulei/.nvm/versions/node/v8.1.2/bin/npm" "run" "dev" "--no-cache"
18 verbose node v8.1.2
19 verbose npm  v5.6.0
20 error code ELIFECYCLE
21 error errno 1
22 error ganghao-miniprogram@0.0.1 dev: `wepy build --watch`
22 error Exit status 1
23 error Failed at the ganghao-miniprogram@0.0.1 dev script.
23 error This is probably not a problem with npm. There is likely additional logging output above.
24 verbose exit [ 1, true ]
